Arguments: 
  /usr/bin/node /usr/local/bin/yarn build

PATH: 
  /usr/local/sbin:/usr/local/bin:/usr/sbin:/usr/bin:/sbin:/bin:/usr/games:/usr/local/games:/snap/bin:/home/lucianoratamero/.rvm/gems/ruby-2.1.2/bin:/usr/lib/go-1.10/bin:/home/luciano/.golang/bin:/home/lucianoratamero/.rvm/gems/ruby-2.1.2@global/bin:/home/lucianoratamero/.rvm/rubies/ruby-2.1.2/bin:/usr/local/bin:/usr/local/bin:/usr/local/bin:/usr/bin:/bin:/usr/sbin:/sbin:/usr/local/sbin:/home/lucianoratamero/.rvm/bin:/home/luciano/.gem/ruby/2.5.0/bin:/opt/wkhtmltox/bin

Yarn version: 
  1.5.1

Node version: 
  8.10.0

Platform: 
  linux x64

npm manifest: 
  {
    "name": "pybr_django",
    "version": "1.0.0",
    "description": "",
    "main": "index.js",
    "scripts": {
      "start": "mdx-deck slides.mdx",
      "build": "mdx-deck build slides.mdx -d dist"
    },
    "author": "",
    "license": "ISC",
    "devDependencies": {
      "mdx-deck": "^1.7.7",
      "mdx-deck-code-surfer": "^0.4.1",
      "raw-loader": "^0.5.1"
    }
  }

yarn manifest: 
  No manifest

Lockfile: 
  # THIS IS AN AUTOGENERATED FILE. DO NOT EDIT THIS FILE DIRECTLY.
  # yarn lockfile v1
  
  
  asap@~2.0.3:
    version "2.0.6"
    resolved "https://registry.yarnpkg.com/asap/-/asap-2.0.6.tgz#e50347611d7e690943208bbdafebcbc2fb866d46"
  
  bowser@^1.7.3:
    version "1.9.4"
    resolved "https://registry.yarnpkg.com/bowser/-/bowser-1.9.4.tgz#890c58a2813a9d3243704334fa81b96a5c150c9a"
  
  code-surfer@^0.4.1:
    version "0.4.1"
    resolved "https://registry.yarnpkg.com/code-surfer/-/code-surfer-0.4.1.tgz#79b5dd850229daf5361d7da2c7351b605d2f31c9"
    dependencies:
      glamor "^2.20.40"
      prism-react-renderer "^0.1.3"
  
  core-js@^1.0.0:
    version "1.2.7"
    resolved "https://registry.yarnpkg.com/core-js/-/core-js-1.2.7.tgz#652294c14651db28fa93bd2d5ff2983a4f08c636"
  
  css-in-js-utils@^2.0.0:
    version "2.0.1"
    resolved "http://registry.npmjs.org/css-in-js-utils/-/css-in-js-utils-2.0.1.tgz#3b472b398787291b47cfe3e44fecfdd9e914ba99"
    dependencies:
      hyphenate-style-name "^1.0.2"
      isobject "^3.0.1"
  
  encoding@^0.1.11:
    version "0.1.12"
    resolved "https://registry.yarnpkg.com/encoding/-/encoding-0.1.12.tgz#538b66f3ee62cd1ab51ec323829d1f9480c74beb"
    dependencies:
      iconv-lite "~0.4.13"
  
  fbjs@^0.8.12:
    version "0.8.17"
    resolved "https://registry.yarnpkg.com/fbjs/-/fbjs-0.8.17.tgz#c4d598ead6949112653d6588b01a5cdcd9f90fdd"
    dependencies:
      core-js "^1.0.0"
      isomorphic-fetch "^2.1.1"
      loose-envify "^1.0.0"
      object-assign "^4.1.0"
      promise "^7.1.1"
      setimmediate "^1.0.5"
      ua-parser-js "^0.7.18"
  
  glamor@^2.20.40:
    version "2.20.40"
    resolved "https://registry.yarnpkg.com/glamor/-/glamor-2.20.40.tgz#f606660357b7cf18dface731ad1a2cfa93817f05"
    dependencies:
      fbjs "^0.8.12"
      inline-style-prefixer "^3.0.6"
      object-assign "^4.1.1"
      prop-types "^15.5.10"
      through "^2.3.8"
  
  hyphenate-style-name@^1.0.2:
    version "1.0.2"
    resolved "https://registry.yarnpkg.com/hyphenate-style-name/-/hyphenate-style-name-1.0.2.tgz#31160a36930adaf1fc04c6074f7eb41465d4ec4b"
  
  iconv-lite@~0.4.13:
    version "0.4.24"
    resolved "https://registry.yarnpkg.com/iconv-lite/-/iconv-lite-0.4.24.tgz#2022b4b25fbddc21d2f524974a474aafe733908b"
    dependencies:
      safer-buffer ">= 2.1.2 < 3"
  
  inline-style-prefixer@^3.0.6:
    version "3.0.8"
    resolved "https://registry.yarnpkg.com/inline-style-prefixer/-/inline-style-prefixer-3.0.8.tgz#8551b8e5b4d573244e66a34b04f7d32076a2b534"
    dependencies:
      bowser "^1.7.3"
      css-in-js-utils "^2.0.0"
  
  is-stream@^1.0.1:
    version "1.1.0"
    resolved "https://registry.yarnpkg.com/is-stream/-/is-stream-1.1.0.tgz#12d4a3dd4e68e0b79ceb8dbc84173ae80d91ca44"
  
  isobject@^3.0.1:
    version "3.0.1"
    resolved "https://registry.yarnpkg.com/isobject/-/isobject-3.0.1.tgz#4e431e92b11a9731636aa1f9c8d1ccbcfdab78df"
  
  isomorphic-fetch@^2.1.1:
    version "2.2.1"
    resolved "https://registry.yarnpkg.com/isomorphic-fetch/-/isomorphic-fetch-2.2.1.tgz#611ae1acf14f5e81f729507472819fe9733558a9"
    dependencies:
      node-fetch "^1.0.1"
      whatwg-fetch ">=0.10.0"
  
  "js-tokens@^3.0.0 || ^4.0.0":
    version "4.0.0"
    resolved "https://registry.yarnpkg.com/js-tokens/-/js-tokens-4.0.0.tgz#19203fb59991df98e3a287050d4647cdeaf32499"
  
  loose-envify@^1.0.0, loose-envify@^1.3.1:
    version "1.4.0"
    resolved "https://registry.yarnpkg.com/loose-envify/-/loose-envify-1.4.0.tgz#71ee51fa7be4caec1a63839f7e682d8132d30caf"
    dependencies:
      js-tokens "^3.0.0 || ^4.0.0"
  
  mdx-deck-code-surfer@^0.4.1:
    version "0.4.1"
    resolved "https://registry.yarnpkg.com/mdx-deck-code-surfer/-/mdx-deck-code-surfer-0.4.1.tgz#419451b2b3bd48f7b1fcc39abbb7b3759d44bfc9"
    dependencies:
      code-surfer "^0.4.1"
  
  node-fetch@^1.0.1:
    version "1.7.3"
    resolved "https://registry.yarnpkg.com/node-fetch/-/node-fetch-1.7.3.tgz#980f6f72d85211a5347c6b2bc18c5b84c3eb47ef"
    dependencies:
      encoding "^0.1.11"
      is-stream "^1.0.1"
  
  object-assign@^4.1.0, object-assign@^4.1.1:
    version "4.1.1"
    resolved "https://registry.yarnpkg.com/object-assign/-/object-assign-4.1.1.tgz#2109adc7965887cfc05cbbd442cac8bfbb360863"
  
  prism-react-renderer@^0.1.3:
    version "0.1.4"
    resolved "https://registry.yarnpkg.com/prism-react-renderer/-/prism-react-renderer-0.1.4.tgz#bd42f613be22717ddc1e1e23ae9888134579f37d"
  
  promise@^7.1.1:
    version "7.3.1"
    resolved "https://registry.yarnpkg.com/promise/-/promise-7.3.1.tgz#064b72602b18f90f29192b8b1bc418ffd1ebd3bf"
    dependencies:
      asap "~2.0.3"
  
  prop-types@^15.5.10:
    version "15.6.2"
    resolved "https://registry.yarnpkg.com/prop-types/-/prop-types-15.6.2.tgz#05d5ca77b4453e985d60fc7ff8c859094a497102"
    dependencies:
      loose-envify "^1.3.1"
      object-assign "^4.1.1"
  
  raw-loader@^0.5.1:
    version "0.5.1"
    resolved "https://registry.yarnpkg.com/raw-loader/-/raw-loader-0.5.1.tgz#0c3d0beaed8a01c966d9787bf778281252a979aa"
  
  "safer-buffer@>= 2.1.2 < 3":
    version "2.1.2"
    resolved "https://registry.yarnpkg.com/safer-buffer/-/safer-buffer-2.1.2.tgz#44fa161b0187b9549dd84bb91802f9bd8385cd6a"
  
  setimmediate@^1.0.5:
    version "1.0.5"
    resolved "https://registry.yarnpkg.com/setimmediate/-/setimmediate-1.0.5.tgz#290cbb232e306942d7d7ea9b83732ab7856f8285"
  
  through@^2.3.8:
    version "2.3.8"
    resolved "http://registry.npmjs.org/through/-/through-2.3.8.tgz#0dd4c9ffaabc357960b1b724115d7e0e86a2e1f5"
  
  ua-parser-js@^0.7.18:
    version "0.7.18"
    resolved "https://registry.yarnpkg.com/ua-parser-js/-/ua-parser-js-0.7.18.tgz#a7bfd92f56edfb117083b69e31d2aa8882d4b1ed"
  
  whatwg-fetch@>=0.10.0:
    version "3.0.0"
    resolved "https://registry.yarnpkg.com/whatwg-fetch/-/whatwg-fetch-3.0.0.tgz#fc804e458cc460009b1a2b966bc8817d2578aefb"

Trace: 
  Error: Command failed.
  Exit code: 1
  Command: sh
  Arguments: -c mdx-deck build slides.mdx -d dist
  Directory: /home/luciano/frontend/lucianoratamero.github.io/static/talks/2018/pybr - Django - da requisição à resposta/src
  Output:
  
      at ProcessTermError.MessageError (/usr/local/lib/node_modules/yarn/lib/cli.js:186:110)
      at new ProcessTermError (/usr/local/lib/node_modules/yarn/lib/cli.js:226:113)
      at ChildProcess.<anonymous> (/usr/local/lib/node_modules/yarn/lib/cli.js:30281:17)
      at emitTwo (events.js:126:13)
      at ChildProcess.emit (events.js:214:7)
      at maybeClose (internal/child_process.js:925:16)
      at Process.ChildProcess._handle.onexit (internal/child_process.js:209:5)
